[20352:259:0324/233449.035458:WARNING:chrome_main_delegate.cc(740)] This is Chrome version 123.0.6312.59 (not a warning)
[20352:259:0324/233449.413595:INFO:policy_logger.cc(145)] :components/enterprise/browser/controller/chrome_browser_cloud_management_controller.cc(168) Starting CBCM Controller Initialization
[20352:259:0324/233449.414036:INFO:policy_logger.cc(145)] :components/enterprise/browser/controller/chrome_browser_cloud_management_controller.cc(196) No machine level policy manager exists.
[20375:259:0324/233449.704985:WARNING:runtime_features.cc(728)] AttributionReportingCrossAppWeb cannot be enabled in this configuration. Use --enable-features=ConversionMeasurement,AttributionReportingCrossAppWeb in addition.
[20374:259:0324/233449.704985:WARNING:runtime_features.cc(728)] AttributionReportingCrossAppWeb cannot be enabled in this configuration. Use --enable-features=ConversionMeasurement,AttributionReportingCrossAppWeb in addition.
[20379:259:0324/233450.142789:WARNING:runtime_features.cc(728)] AttributionReportingCrossAppWeb cannot be enabled in this configuration. Use --enable-features=ConversionMeasurement,AttributionReportingCrossAppWeb in addition.
[20380:259:0324/233450.153991:WARNING:runtime_features.cc(728)] AttributionReportingCrossAppWeb cannot be enabled in this configuration. Use --enable-features=ConversionMeasurement,AttributionReportingCrossAppWeb in addition.
[20352:259:0324/233450.629802:INFO:CONSOLE(0)] "Third-party cookie will be blocked. Learn more in the Issues tab.", source: https://www.kurly.com/collection-groups/market-best?page=1&collection=market-best (0)
[20352:259:0324/233450.647884:INFO:CONSOLE(0)] "Third-party cookie will be blocked. Learn more in the Issues tab.", source: https://www.kurly.com/collection-groups/market-best?page=1&collection=market-best (0)
[20352:259:0324/233451.215848:INFO:CONSOLE(1)] "Service Worker registration successful with scope:  https://www.kurly.com/", source: https://res.kurly.com/_next/static/chunks/pages/_app-04b500a29140145d.js (1)
[20352:259:0324/233451.396007:INFO:CONSOLE(0)] "Third-party cookie will be blocked. Learn more in the Issues tab.", source: https://www.kurly.com/collection-groups/market-best?page=1&collection=market-best (0)
[20352:259:0324/233451.396245:INFO:CONSOLE(0)] "Third-party cookie will be blocked. Learn more in the Issues tab.", source: https://www.kurly.com/collection-groups/market-best?page=1&collection=market-best (0)
[20352:259:0324/233451.396300:INFO:CONSOLE(0)] "Third-party cookie will be blocked. Learn more in the Issues tab.", source: https://www.kurly.com/collection-groups/market-best?page=1&collection=market-best (0)
[20352:259:0324/233451.396345:INFO:CONSOLE(0)] "Third-party cookie will be blocked. Learn more in the Issues tab.", source: https://www.kurly.com/collection-groups/market-best?page=1&collection=market-best (0)
[20352:259:0324/233451.396378:INFO:CONSOLE(0)] "Third-party cookie will be blocked. Learn more in the Issues tab.", source: https://www.kurly.com/collection-groups/market-best?page=1&collection=market-best (0)
[20352:259:0324/233451.396407:INFO:CONSOLE(0)] "Third-party cookie will be blocked. Learn more in the Issues tab.", source: https://www.kurly.com/collection-groups/market-best?page=1&collection=market-best (0)
[20352:259:0324/233451.396435:INFO:CONSOLE(0)] "Third-party cookie will be blocked. Learn more in the Issues tab.", source: https://www.kurly.com/collection-groups/market-best?page=1&collection=market-best (0)
[20352:259:0324/233451.396463:INFO:CONSOLE(0)] "Third-party cookie will be blocked. Learn more in the Issues tab.", source: https://www.kurly.com/collection-groups/market-best?page=1&collection=market-best (0)
[20352:259:0324/233451.396492:INFO:CONSOLE(0)] "Third-party cookie will be blocked. Learn more in the Issues tab.", source: https://www.kurly.com/collection-groups/market-best?page=1&collection=market-best (0)
[20352:259:0324/233451.396516:INFO:CONSOLE(0)] "Third-party cookie will be blocked. Learn more in the Issues tab.", source: https://www.kurly.com/collection-groups/market-best?page=1&collection=market-best (0)
[20352:259:0324/233451.396575:INFO:CONSOLE(0)] "Third-party cookie will be blocked. Learn more in the Issues tab.", source: https://www.kurly.com/collection-groups/market-best?page=1&collection=market-best (0)
[20352:259:0324/233452.877666:INFO:CONSOLE(0)] "Third-party cookie will be blocked. Learn more in the Issues tab.", source: https://www.kurly.com/collection-groups/market-best?page=1&collection=market-best (0)
[20359:15875:0324/233457.802502:WARNING:sqlite_persistent_store_backend_base.cc(197)] Failed to post task from FlushAndNotifyInBackground@net/extras/sqlite/sqlite_persistent_store_backend_base.cc:246 to client_task_runner_.
[20359:15875:0324/233457.802699:WARNING:sqlite_persistent_store_backend_base.cc(197)] Failed to post task from FlushAndNotifyInBackground@net/extras/sqlite/sqlite_persistent_store_backend_base.cc:246 to client_task_runner_.
[20352:259:0324/233457.817517:WARNING:pref_notifier_impl.cc(41)] Pref observer for media_router.cast_allow_all_ips found at shutdown.
